#
# There is insufficient memory for the Java Runtime Environment to continue.
# Native memory allocation (malloc) failed to allocate 2614576 bytes for Chunk::new
# Possible reasons:
#   The system is out of physical RAM or swap space
#   The process is running with CompressedOops enabled, and the Java Heap may be blocking the growth of the native heap
# Possible solutions:
#   Reduce memory load on the system
#   Increase physical memory or swap space
#   Check if swap backing store is full
#   Decrease Java heap size (-Xmx/-Xms)
#   Decrease number of Java threads
#   Decrease Java thread stack sizes (-Xss)
#   Set larger code cache with -XX:ReservedCodeCacheSize=
#   JVM is running with Unscaled Compressed Oops mode in which the Java heap is
#     placed in the first 4GB address space. The Java Heap base address is the
#     maximum limit for the native heap growth. Please use -XX:HeapBaseMinAddress
#     to set the Java Heap base and to place the Java Heap above 4GB virtual address.
# This output file may be truncated or incomplete.
#
#  Out of Memory Error (allocation.cpp:389), pid=14012, tid=0x0000000000005b28
#
# JRE version: OpenJDK Runtime Environment (8.0_242-b01) (build 1.8.0_242-release-1644-b01)
# Java VM: OpenJDK 64-Bit Server VM (25.242-b01 mixed mode windows-amd64 compressed oops)
# Failed to write core dump. Minidumps are not enabled by default on client versions of Windows
#

---------------  T H R E A D  ---------------

Current thread (0x0000000019dd8000):  JavaThread "C2 CompilerThread1" daemon [_thread_in_native, id=23336, stack(0x000000001a7a0000,0x000000001a8a0000)]

Stack: [0x000000001a7a0000,0x000000001a8a0000]
[error occurred during error reporting (printing stack bounds), id 0xc0000005]

Native frames: (J=compiled Java code, j=interpreted, Vv=VM code, C=native code)


Current CompileTask:
C2:3379731 27706       4       com.android.tools.r8.ir.optimize.Z::a (425 bytes)


---------------  P R O C E S S  ---------------

Java Threads: ( => current thread )
  0x000000001f189800 JavaThread "stdout" [_thread_in_native, id=12444, stack(0x000000002bf60000,0x000000002c060000)]
  0x000000001f184000 JavaThread "stderr" [_thread_in_native, id=19640, stack(0x000000002bd60000,0x000000002be60000)]
  0x000000001f183000 JavaThread "pool-24-thread-1" [_thread_blocked, id=11308, stack(0x000000002b760000,0x000000002b860000)]
  0x000000001f188800 JavaThread "WorkerExecutor Queue Thread 2" [_thread_blocked, id=3932, stack(0x000000002ad20000,0x000000002ae20000)]
  0x000000001f181800 JavaThread "WorkerExecutor Queue" [_thread_blocked, id=20460, stack(0x000000002a890000,0x000000002a990000)]
  0x000000001f181000 JavaThread "Cache worker for execution history cache (D:\1File_Fathur\HACKUGM\gmc-care\.gradle\6.1.1\executionHistory)" [_thread_blocked, id=19148, stack(0x0000000029690000,0x0000000029790000)]
  0x000000001f188000 JavaThread "Execution worker for ':' Thread 7" [_thread_in_Java, id=22080, stack(0x0000000029c90000,0x0000000029d90000)]
  0x000000001f17e800 JavaThread "Execution worker for ':' Thread 6" [_thread_in_Java, id=10616, stack(0x0000000029b90000,0x0000000029c90000)]
  0x00000000227ee000 JavaThread "Execution worker for ':' Thread 5" [_thread_in_Java, id=14460, stack(0x00000000297a0000,0x00000000298a0000)]
  0x00000000227f4000 JavaThread "Execution worker for ':' Thread 4" [_thread_in_Java, id=21660, stack(0x0000000029390000,0x0000000029490000)]
  0x00000000227f3800 JavaThread "Execution worker for ':' Thread 3" [_thread_in_Java, id=4368, stack(0x00000000280c0000,0x00000000281c0000)]
  0x00000000227ed800 JavaThread "Execution worker for ':' Thread 2" [_thread_in_Java, id=12760, stack(0x0000000027fc0000,0x00000000280c0000)]
  0x00000000227ef800 JavaThread "Execution worker for ':'" [_thread_in_Java, id=22184, stack(0x0000000027ec0000,0x0000000027fc0000)]
  0x00000000227ec800 JavaThread "Cache worker for file content cache (D:\1File_Fathur\HACKUGM\gmc-care\.gradle\6.1.1\fileContent)" [_thread_blocked, id=22336, stack(0x0000000027760000,0x0000000027860000)]
  0x00000000227f2800 JavaThread "Cache worker for Build Output Cleanup Cache (D:\1File_Fathur\HACKUGM\gmc-care\.gradle\buildOutputCleanup)" [_thread_blocked, id=7560, stack(0x0000000026530000,0x0000000026630000)]
  0x00000000227f2000 JavaThread "Build operations Thread 8" [_thread_blocked, id=20732, stack(0x0000000025b90000,0x0000000025c90000)]
  0x00000000227e5000 JavaThread "Build operations Thread 7" [_thread_blocked, id=11080, stack(0x0000000024a20000,0x0000000024b20000)]
  0x00000000227ec000 JavaThread "Build operations Thread 6" [_thread_blocked, id=20884, stack(0x0000000024920000,0x0000000024a20000)]
  0x00000000227eb000 JavaThread "Build operations Thread 5" [_thread_blocked, id=10704, stack(0x0000000024590000,0x0000000024690000)]
  0x00000000227e7800 JavaThread "Build operations Thread 4" [_thread_blocked, id=17524, stack(0x0000000024490000,0x0000000024590000)]
  0x00000000227e4800 JavaThread "Build operations Thread 3" [_thread_blocked, id=19932, stack(0x0000000024390000,0x0000000024490000)]
  0x00000000227e6800 JavaThread "Build operations Thread 2" [_thread_blocked, id=23420, stack(0x0000000024290000,0x0000000024390000)]
  0x000000001f0da800 JavaThread "Build operations" [_thread_blocked, id=14104, stack(0x0000000024190000,0x0000000024290000)]
  0x000000001f0d9800 JavaThread "Cache worker for cache directory md-rule (C:\Users\kharir\.gradle\caches\6.1.1\md-rule)" [_thread_blocked, id=23492, stack(0x00000000216c0000,0x00000000217c0000)]
  0x000000001f0d9000 JavaThread "Cache worker for cache directory md-supplier (C:\Users\kharir\.gradle\caches\6.1.1\md-supplier)" [_thread_blocked, id=20948, stack(0x00000000212c0000,0x00000000213c0000)]
  0x000000001f0d7800 JavaThread "Cache worker for file hash cache (D:\1File_Fathur\HACKUGM\gmc-care\.gradle\6.1.1\fileHashes)" [_thread_blocked, id=11164, stack(0x00000000211c0000,0x00000000212c0000)]
  0x000000001f0d6800 JavaThread "Cache worker for checksums cache (D:\1File_Fathur\HACKUGM\gmc-care\.gradle\checksums)" [_thread_blocked, id=2012, stack(0x000000001fc90000,0x000000001fd90000)]
  0x000000001f0d8000 JavaThread "Thread-299" [_thread_blocked, id=14180, stack(0x000000001e3c0000,0x000000001e4c0000)]
  0x000000001f0cd800 JavaThread "Stdin handler" [_thread_blocked, id=23012, stack(0x000000001e2c0000,0x000000001e3c0000)]
  0x000000001f0d4800 JavaThread "Asynchronous log dispatcher for DefaultDaemonConnection: socket connection from /127.0.0.1:58502 to /127.0.0.1:59188" [_thread_blocked, id=3144, stack(0x000000001e1c0000,0x000000001e2c0000)]
  0x000000001f0cf000 JavaThread "Daemon worker Thread 7" [_thread_in_Java, id=4704, stack(0x000000001dec0000,0x000000001dfc0000)]
  0x000000001f0cb800 JavaThread "Cancel handler" [_thread_blocked, id=23352, stack(0x000000001ddc0000,0x000000001dec0000)]
  0x000000001f0ce800 JavaThread "Handler for socket connection from /127.0.0.1:58502 to /127.0.0.1:59188" [_thread_in_native, id=21076, stack(0x0000000001220000,0x0000000001320000)]
  0x000000001f0d2000 JavaThread "Daemon Thread 7" [_thread_blocked, id=19680, stack(0x00000000010e0000,0x00000000011e0000)]
  0x000000001f0d1800 JavaThread "RMI TCP Connection(idle)" daemon [_thread_blocked, id=19852, stack(0x0000000000fe0000,0x00000000010e0000)]
  0x000000001f18b000 JavaThread "Cache worker for Java compile cache (C:\Users\kharir\.gradle\caches\6.1.1\javaCompile)" [_thread_blocked, id=4132, stack(0x000000002be60000,0x000000002bf60000)]
  0x000000001f18a000 JavaThread "RMI Reaper" [_thread_blocked, id=19524, stack(0x000000002bc60000,0x000000002bd60000)]
  0x000000001f180000 JavaThread "RMI TCP Accept-0" daemon [_thread_in_native, id=19736, stack(0x000000002bb60000,0x000000002bc60000)]
  0x000000001f17f800 JavaThread "GC Daemon" daemon [_thread_blocked, id=16476, stack(0x000000002b860000,0x000000002b960000)]
  0x000000001f184800 JavaThread "RMI Scheduler(0)" daemon [_thread_blocked, id=12620, stack(0x000000002b660000,0x000000002b760000)]
  0x00000000227e9000 JavaThread "Cache worker for file content cache (C:\Users\kharir\.gradle\caches\6.1.1\fileContent)" [_thread_blocked, id=14832, stack(0x0000000027240000,0x0000000027340000)]
  0x00000000227e8000 JavaThread "Memory manager" [_thread_blocked, id=22720, stack(0x0000000026710000,0x0000000026810000)]
  0x000000001c777800 JavaThread "Cache worker for execution history cache (C:\Users\kharir\.gradle\caches\6.1.1\executionHistory)" [_thread_blocked, id=14072, stack(0x00000000213c0000,0x00000000214c0000)]
  0x000000001c774800 JavaThread "Cache worker for file hash cache (C:\Users\kharir\.gradle\caches\6.1.1\fileHashes)" [_thread_blocked, id=8676, stack(0x000000001ebc0000,0x000000001ecc0000)]
  0x000000001c77a800 JavaThread "File lock request listener" [_thread_in_native, id=17036, stack(0x000000001eac0000,0x000000001ebc0000)]
  0x000000001c99b800 JavaThread "Cache worker for journal cache (C:\Users\kharir\.gradle\caches\journal-1)" [_thread_blocked, id=8512, stack(0x000000001e9c0000,0x000000001eac0000)]
  0x000000001c807800 JavaThread "Daemon periodic checks" [_thread_blocked, id=21072, stack(0x000000001dcc0000,0x000000001ddc0000)]
  0x000000001c7b2000 JavaThread "Incoming local TCP Connector on port 58502" [_thread_in_native, id=23084, stack(0x000000001da80000,0x000000001db80000)]
  0x000000001c784800 JavaThread "Daemon health stats" [_thread_blocked, id=14344, stack(0x000000001d440000,0x000000001d540000)]
  0x0000000019e61800 JavaThread "Service Thread" daemon [_thread_blocked, id=1540, stack(0x000000001aaa0000,0x000000001aba0000)]
  0x0000000019dde000 JavaThread "C1 CompilerThread3" daemon [_thread_blocked, id=4080, stack(0x000000001a9a0000,0x000000001aaa0000)]
  0x0000000019dda800 JavaThread "C2 CompilerThread2" daemon [_thread_in_native, id=3240, stack(0x000000001a8a0000,0x000000001a9a0000)]
=>0x0000000019dd8000 JavaThread "C2 CompilerThread1" daemon [_thread_in_native, id=23336, stack(0x000000001a7a0000,0x000000001a8a0000)]
  0x0000000019dd1800 JavaThread "C2 CompilerThread0" daemon [_thread_in_native, id=21624, stack(0x000000001a6a0000,0x000000001a7a0000)]
  0x0000000019dd0000 JavaThread "Attach Listener" daemon [_thread_blocked, id=9016, stack(0x000000001a5a0000,0x000000001a6a0000)]
  0x0000000019dcf000 JavaThread "Signal Dispatcher" daemon [_thread_blocked, id=18444, stack(0x000000001a4a0000,0x000000001a5a0000)]
  0x0000000002f19800 JavaThread "Finalizer" daemon [_thread_blocked, id=14764, stack(0x000000001a2a0000,0x000000001a3a0000)]
  0x0000000017f8c000 JavaThread "Reference Handler" daemon [_thread_blocked, id=7348, stack(0x000000001a1a0000,0x000000001a2a0000)]
  0x0000000002e22800 JavaThread "main" [_thread_blocked, id=22236, stack(0x0000000002c30000,0x0000000002d30000)]

Other Threads:
  0x0000000002f16800 VMThread [stack: 0x0000000019ca0000,0x0000000019da0000] [id=21948]
  0x0000000019e62000 WatcherThread [stack: 0x000000001aba0000,0x000000001aca0000] [id=22112]

VM state:not at safepoint (normal execution)

VM Mutex/Monitor currently owned by a thread: None

heap address: 0x0000000080000000, size: 2048 MB, Compressed Oops mode: 32-bit
Narrow klass base: 0x0000000000000000, Narrow klass shift: 3
Compressed class space size: 1073741824 Address: 0x0000000100000000

Heap:
 PSYoungGen      total 604672K, used 384970K [0x00000000d5580000, 0x0000000100000000, 0x0000000100000000)
  eden space 519168K, 74% used [0x00000000d5580000,0x00000000ecd72b70,0x00000000f5080000)
  from space 85504K, 0% used [0x00000000f5080000,0x00000000f5080000,0x00000000fa400000)
  to   space 84480K, 0% used [0x00000000fad80000,0x00000000fad80000,0x0000000100000000)
 ParOldGen       total 384512K, used 162445K [0x0000000080000000, 0x0000000097780000, 0x00000000d5580000)
  object space 384512K, 42% used [0x0000000080000000,0x0000000089ea3780,0x0000000097780000)
 Metaspace       used 105788K, capacity 112982K, committed 113560K, reserved 1148928K
  class space    used 13667K, capacity 14912K, committed 15024K, reserved 1048576K

Card table byte_map: [0x00000000122e0000,0x00000000126f0000] byte_map_base: 0x0000000011ee0000

Marking Bits: (ParMarkBitMap*) 0x0000000054eef030
 Begin Bits: [0x00000000131a0000, 0x00000000151a0000)
 End Bits:   [0x00000000151a0000, 0x00000000171a0000)

Polling page: 0x00000000013c0000

CodeCache: size=245760Kb used=77829Kb max_used=77932Kb free=167930Kb
 bounds [0x0000000002f20000, 0x0000000007ba0000, 0x0000000011f20000]
 total_blobs=22327 nmethods=21393 adapters=845
 compilation: enabled

Compilation events (10 events):
Event: 3379.496 Thread 0x0000000019dde000 27758       1       com.android.tools.r8.u.b.a1::q0 (2 bytes)
Event: 3379.496 Thread 0x0000000019dde000 nmethod 27758 0x0000000007b55210 code [0x0000000007b55360, 0x0000000007b55470]
Event: 3379.601 Thread 0x0000000019dde000 27761       2       com.android.tools.r8.u.b.e1::b (11 bytes)
Event: 3379.602 Thread 0x0000000019dde000 nmethod 27761 0x0000000003f40dd0 code [0x0000000003f40f40, 0x0000000003f41108]
Event: 3379.604 Thread 0x0000000019dde000 27762       2       com.android.tools.r8.code.I3::<init> (8 bytes)
Event: 3379.604 Thread 0x0000000019dde000 nmethod 27762 0x00000000044f9050 code [0x00000000044f91c0, 0x00000000044f9328]
Event: 3379.639 Thread 0x0000000019dde000 27764       1       com.android.tools.r8.v.a.a.a.h.K::size (5 bytes)
Event: 3379.639 Thread 0x0000000019dde000 nmethod 27764 0x0000000004ceeb90 code [0x0000000004ceece0, 0x0000000004ceedf0]
Event: 3379.651 Thread 0x0000000019dde000 27765 %     3       java.util.HashMap$TreeNode::putTreeVal @ 27 (314 bytes)
Event: 3379.652 Thread 0x0000000019dde000 nmethod 27765% 0x0000000004196650 code [0x00000000041968c0, 0x0000000004197ca8]

GC Heap History (10 events):
Event: 3376.010 GC heap before
{Heap before GC invocations=30 (full 4):
 PSYoungGen      total 593408K, used 592938K [0x00000000d5580000, 0x0000000100000000, 0x0000000100000000)
  eden space 534016K, 100% used [0x00000000d5580000,0x00000000f5f00000,0x00000000f5f00000)
  from space 59392K, 99% used [0x00000000f5f00000,0x00000000f988a950,0x00000000f9900000)
  to   space 87040K, 0% used [0x00000000fab00000,0x00000000fab00000,0x0000000100000000)
 ParOldGen       total 268288K, used 168234K [0x0000000080000000, 0x0000000090600000, 0x00000000d5580000)
  object space 268288K, 62% used [0x0000000080000000,0x000000008a44aaa8,0x0000000090600000)
 Metaspace       used 105987K, capacity 113310K, committed 113560K, reserved 1148928K
  class space    used 13711K, capacity 14996K, committed 15024K, reserved 1048576K
Event: 3376.075 GC heap after
Heap after GC invocations=30 (full 4):
 PSYoungGen      total 601600K, used 63329K [0x00000000d5580000, 0x0000000100000000, 0x0000000100000000)
  eden space 514560K, 0% used [0x00000000d5580000,0x00000000d5580000,0x00000000f4c00000)
  from space 87040K, 72% used [0x00000000fab00000,0x00000000fe8d84b0,0x0000000100000000)
  to   space 92160K, 0% used [0x00000000f4c00000,0x00000000f4c00000,0x00000000fa600000)
 ParOldGen       total 268288K, used 169020K [0x0000000080000000, 0x0000000090600000, 0x00000000d5580000)
  object space 268288K, 62% used [0x0000000080000000,0x000000008a50f1a8,0x0000000090600000)
 Metaspace       used 105987K, capacity 113310K, committed 113560K, reserved 1148928K
  class space    used 13711K, capacity 14996K, committed 15024K, reserved 1048576K
}
Event: 3376.950 GC heap before
{Heap before GC invocations=31 (full 4):
 PSYoungGen      total 601600K, used 577889K [0x00000000d5580000, 0x0000000100000000, 0x0000000100000000)
  eden space 514560K, 100% used [0x00000000d5580000,0x00000000f4c00000,0x00000000f4c00000)
  from space 87040K, 72% used [0x00000000fab00000,0x00000000fe8d84b0,0x0000000100000000)
  to   space 92160K, 0% used [0x00000000f4c00000,0x00000000f4c00000,0x00000000fa600000)
 ParOldGen       total 268288K, used 169020K [0x0000000080000000, 0x0000000090600000, 0x00000000d5580000)
  object space 268288K, 62% used [0x0000000080000000,0x000000008a50f1a8,0x0000000090600000)
 Metaspace       used 106000K, capacity 113318K, committed 113560K, reserved 1148928K
  class space    used 13711K, capacity 14996K, committed 15024K, reserved 1048576K
Event: 3377.057 GC heap after
Heap after GC invocations=31 (full 4):
 PSYoungGen      total 606720K, used 33985K [0x00000000d5580000, 0x00000000ffc00000, 0x0000000100000000)
  eden space 514560K, 0% used [0x00000000d5580000,0x00000000d5580000,0x00000000f4c00000)
  from space 92160K, 36% used [0x00000000f4c00000,0x00000000f6d30610,0x00000000fa600000)
  to   space 87552K, 0% used [0x00000000fa680000,0x00000000fa680000,0x00000000ffc00000)
 ParOldGen       total 268288K, used 203778K [0x0000000080000000, 0x0000000090600000, 0x00000000d5580000)
  object space 268288K, 75% used [0x0000000080000000,0x000000008c7008c0,0x0000000090600000)
 Metaspace       used 106000K, capacity 113318K, committed 113560K, reserved 1148928K
  class space    used 13711K, capacity 14996K, committed 15024K, reserved 1048576K
}
Event: 3377.673 GC heap before
{Heap before GC invocations=32 (full 4):
 PSYoungGen      total 606720K, used 548545K [0x00000000d5580000, 0x00000000ffc00000, 0x0000000100000000)
  eden space 514560K, 100% used [0x00000000d5580000,0x00000000f4c00000,0x00000000f4c00000)
  from space 92160K, 36% used [0x00000000f4c00000,0x00000000f6d30610,0x00000000fa600000)
  to   space 87552K, 0% used [0x00000000fa680000,0x00000000fa680000,0x00000000ffc00000)
 ParOldGen       total 268288K, used 203778K [0x0000000080000000, 0x0000000090600000, 0x00000000d5580000)
  object space 268288K, 75% used [0x0000000080000000,0x000000008c7008c0,0x0000000090600000)
 Metaspace       used 106022K, capacity 113386K, committed 113560K, reserved 1148928K
  class space    used 13711K, capacity 14996K, committed 15024K, reserved 1048576K
Event: 3377.717 GC heap after
Heap after GC invocations=32 (full 4):
 PSYoungGen      total 602112K, used 19045K [0x00000000d5580000, 0x00000000ff780000, 0x0000000100000000)
  eden space 519168K, 0% used [0x00000000d5580000,0x00000000d5580000,0x00000000f5080000)
  from space 82944K, 22% used [0x00000000fa680000,0x00000000fb919638,0x00000000ff780000)
  to   space 85504K, 0% used [0x00000000f5080000,0x00000000f5080000,0x00000000fa400000)
 ParOldGen       total 268288K, used 223242K [0x0000000080000000, 0x0000000090600000, 0x00000000d5580000)
  object space 268288K, 83% used [0x0000000080000000,0x000000008da02900,0x0000000090600000)
 Metaspace       used 106022K, capacity 113386K, committed 113560K, reserved 1148928K
  class space    used 13711K, capacity 14996K, committed 15024K, reserved 1048576K
}
Event: 3378.442 GC heap before
{Heap before GC invocations=33 (full 4):
 PSYoungGen      total 602112K, used 538213K [0x00000000d5580000, 0x00000000ff780000, 0x0000000100000000)
  eden space 519168K, 100% used [0x00000000d5580000,0x00000000f5080000,0x00000000f5080000)
  from space 82944K, 22% used [0x00000000fa680000,0x00000000fb919638,0x00000000ff780000)
  to   space 85504K, 0% used [0x00000000f5080000,0x00000000f5080000,0x00000000fa400000)
 ParOldGen       total 268288K, used 223242K [0x0000000080000000, 0x0000000090600000, 0x00000000d5580000)
  object space 268288K, 83% used [0x0000000080000000,0x000000008da02900,0x0000000090600000)
 Metaspace       used 106028K, capacity 113386K, committed 113560K, reserved 1148928K
  class space    used 13712K, capacity 14996K, committed 15024K, reserved 1048576K
Event: 3378.460 GC heap after
Heap after GC invocations=33 (full 4):
 PSYoungGen      total 604672K, used 15749K [0x00000000d5580000, 0x0000000100000000, 0x0000000100000000)
  eden space 519168K, 0% used [0x00000000d5580000,0x00000000d5580000,0x00000000f5080000)
  from space 85504K, 18% used [0x00000000f5080000,0x00000000f5fe15f8,0x00000000fa400000)
  to   space 84480K, 0% used [0x00000000fad80000,0x00000000fad80000,0x0000000100000000)
 ParOldGen       total 268288K, used 233904K [0x0000000080000000, 0x0000000090600000, 0x00000000d5580000)
  object space 268288K, 87% used [0x0000000080000000,0x000000008e46c140,0x0000000090600000)
 Metaspace       used 106028K, capacity 113386K, committed 113560K, reserved 1148928K
  class space    used 13712K, capacity 14996K, committed 15024K, reserved 1048576K
}
Event: 3378.460 GC heap before
{Heap before GC invocations=34 (full 5):
 PSYoungGen      total 604672K, used 15749K [0x00000000d5580000, 0x0000000100000000, 0x0000000100000000)
  eden space 519168K, 0% used [0x00000000d5580000,0x00000000d5580000,0x00000000f5080000)
  from space 85504K, 18% used [0x00000000f5080000,0x00000000f5fe15f8,0x00000000fa400000)
  to   space 84480K, 0% used [0x00000000fad80000,0x00000000fad80000,0x0000000100000000)
 ParOldGen       total 268288K, used 233904K [0x0000000080000000, 0x0000000090600000, 0x00000000d5580000)
  object space 268288K, 87% used [0x0000000080000000,0x000000008e46c140,0x0000000090600000)
 Metaspace       used 106028K, capacity 113386K, committed 113560K, reserved 1148928K
  class space    used 13712K, capacity 14996K, committed 15024K, reserved 1048576K
Event: 3379.207 GC heap after
Heap after GC invocations=34 (full 5):
 PSYoungGen      total 604672K, used 0K [0x00000000d5580000, 0x0000000100000000, 0x0000000100000000)
  eden space 519168K, 0% used [0x00000000d5580000,0x00000000d5580000,0x00000000f5080000)
  from space 85504K, 0% used [0x00000000f5080000,0x00000000f5080000,0x00000000fa400000)
  to   space 84480K, 0% used [0x00000000fad80000,0x00000000fad80000,0x0000000100000000)
 ParOldGen       total 384512K, used 162445K [0x0000000080000000, 0x0000000097780000, 0x00000000d5580000)
  object space 384512K, 42% used [0x0000000080000000,0x0000000089ea3780,0x0000000097780000)
 Metaspace       used 105787K, capacity 112982K, committed 113560K, reserved 1148928K
  class space    used 13667K, capacity 14912K, committed 15024K, reserved 1048576K
}

Deoptimization events (10 events):
Event: 3375.912 Thread 0x000000001f17e800 Uncommon trap: reason=class_check action=maybe_recompile pc=0x00000000079baea0 method=com.android.tools.r8.ir.optimize.o.b(Lcom/android/tools/r8/u/b/W;)V @ 270
Event: 3375.938 Thread 0x00000000227f3800 Uncommon trap: reason=unstable_if action=reinterpret pc=0x00000000079b7bf4 method=com.android.tools.r8.u.b.m1.a(Lcom/android/tools/r8/graph/f;Lcom/android/tools/r8/u/b/W;Ljava/util/function/Predicate;Ljava/util/Set;)Z @ 242
Event: 3376.609 Thread 0x000000001f188000 Uncommon trap: reason=array_check action=maybe_recompile pc=0x0000000007a19708 method=java.util.TimSort.mergeLo(IIII)V @ 245
Event: 3376.609 Thread 0x000000001f188000 Uncommon trap: reason=array_check action=maybe_recompile pc=0x0000000006dd5854 method=java.util.TimSort.mergeHi(IIII)V @ 419
Event: 3376.609 Thread 0x000000001f188000 Uncommon trap: reason=array_check action=maybe_recompile pc=0x0000000007a19708 method=java.util.TimSort.mergeLo(IIII)V @ 245
Event: 3376.699 Thread 0x000000001f17e800 Uncommon trap: reason=unstable_if action=reinterpret pc=0x0000000007ab4864 method=com.android.tools.r8.u.b.n.b(Lcom/android/tools/r8/u/b/n;)Lcom/android/tools/r8/u/b/n$c; @ 35
Event: 3377.498 Thread 0x00000000227f3800 Uncommon trap: reason=unstable_if action=reinterpret pc=0x0000000006135e00 method=com.android.tools.r8.ir.regalloc.a.b()V @ 993
Event: 3377.953 Thread 0x00000000227f3800 Uncommon trap: reason=class_check action=maybe_recompile pc=0x0000000007a621c0 method=com.android.tools.r8.ir.conversion.o.a(Lcom/android/tools/r8/ir/conversion/N;IZ)V @ 635
Event: 3377.953 Thread 0x00000000227f3800 Uncommon trap: reason=class_check action=maybe_recompile pc=0x0000000007a621c0 method=com.android.tools.r8.ir.conversion.o.a(Lcom/android/tools/r8/ir/conversion/N;IZ)V @ 635
Event: 3379.207 Thread 0x000000001c784800 Uncommon trap: reason=unstable_if action=reinterpret pc=0x0000000007534bf4 method=org.gradle.launcher.daemon.server.health.gc.GarbageCollectionCheck.run()V @ 100

Classes redefined (0 events):
No events

Internal exceptions (10 events):
Event: 3377.360 Thread 0x00000000227ef800 Exception <a 'sun/nio/fs/WindowsException'> (0x00000000e596b5c0) thrown at [C:\src\AOSP-openjdk-git\hotspot\src\share\vm\prims\jni.cpp, line 710]
Event: 3377.469 Thread 0x00000000227ef800 Exception <a 'sun/nio/fs/WindowsException'> (0x00000000e59e0f08) thrown at [C:\src\AOSP-openjdk-git\hotspot\src\share\vm\prims\jni.cpp, line 710]
Event: 3377.533 Thread 0x00000000227ef800 Exception <a 'sun/nio/fs/WindowsException'> (0x00000000ef34add0) thrown at [C:\src\AOSP-openjdk-git\hotspot\src\share\vm\prims\jni.cpp, line 710]
Event: 3377.560 Thread 0x00000000227ef800 Exception <a 'sun/nio/fs/WindowsException'> (0x00000000efc08b68) thrown at [C:\src\AOSP-openjdk-git\hotspot\src\share\vm\prims\jni.cpp, line 710]
Event: 3377.574 Thread 0x00000000227ef800 Exception <a 'sun/nio/fs/WindowsException'> (0x00000000f12af308) thrown at [C:\src\AOSP-openjdk-git\hotspot\src\share\vm\prims\jni.cpp, line 710]
Event: 3377.583 Thread 0x00000000227ef800 Exception <a 'sun/nio/fs/WindowsException'> (0x00000000f1a0cff0) thrown at [C:\src\AOSP-openjdk-git\hotspot\src\share\vm\prims\jni.cpp, line 710]
Event: 3377.594 Thread 0x00000000227ef800 Exception <a 'sun/nio/fs/WindowsException'> (0x00000000f220aae0) thrown at [C:\src\AOSP-openjdk-git\hotspot\src\share\vm\prims\jni.cpp, line 710]
Event: 3377.649 Thread 0x00000000227ef800 Exception <a 'sun/nio/fs/WindowsException'> (0x00000000f3a3f308) thrown at [C:\src\AOSP-openjdk-git\hotspot\src\share\vm\prims\jni.cpp, line 710]
Event: 3377.936 Thread 0x00000000227ef800 Exception <a 'sun/nio/fs/WindowsException'> (0x00000000dfea8740) thrown at [C:\src\AOSP-openjdk-git\hotspot\src\share\vm\prims\jni.cpp, line 710]
Event: 3378.037 Thread 0x00000000227ef800 Exception <a 'sun/nio/fs/WindowsException'> (0x00000000e32f8ab8) thrown at [C:\src\AOSP-openjdk-git\hotspot\src\share\vm\prims\jni.cpp, line 710]

Events (10 events):
Event: 3379.697 Thread 0x00000000227ee000 DEOPT PACKING pc=0x0000000005dba235 sp=0x000000002989b4f0
Event: 3379.697 Thread 0x00000000227ee000 DEOPT UNPACKING pc=0x0000000002f675d0 sp=0x000000002989b360 mode 0
Event: 3379.700 Thread 0x00000000227ee000 DEOPT PACKING pc=0x0000000007637fcb sp=0x000000002989af30
Event: 3379.700 Thread 0x00000000227ee000 DEOPT UNPACKING pc=0x0000000002f675d0 sp=0x000000002989ae28 mode 0
Event: 3379.705 Thread 0x00000000227ee000 DEOPT PACKING pc=0x00000000075b12b9 sp=0x000000002989b1b0
Event: 3379.705 Thread 0x00000000227ee000 DEOPT UNPACKING pc=0x0000000002f675d0 sp=0x000000002989b0d0 mode 0
Event: 3379.711 Thread 0x000000001f188000 DEOPT PACKING pc=0x0000000007a1f430 sp=0x0000000029d8b910
Event: 3379.711 Thread 0x000000001f188000 DEOPT UNPACKING pc=0x0000000002f675d0 sp=0x0000000029d8b758 mode 0
Event: 3379.720 Thread 0x00000000227ed800 DEOPT PACKING pc=0x0000000007a1f471 sp=0x00000000280bb340
Event: 3379.720 Thread 0x00000000227ed800 DEOPT UNPACKING pc=0x0000000002f675d0 sp=0x00000000280bb188 mode 0


Dynamic libraries:
0x00007ff7fd170000 - 0x00007ff7fd1a1000 	C:\Program Files\Android\Android Studio\jre\bin\java.exe
0x00007ffa3f700000 - 0x00007ffa3f8f0000 	C:\WINDOWS\SYSTEM32\ntdll.dll
0x00007ffa3e670000 - 0x00007ffa3e722000 	C:\WINDOWS\System32\KERNEL32.DLL
0x00007ffa3c870000 - 0x00007ffa3cb15000 	C:\WINDOWS\System32\KERNELBASE.dll
0x00007ffa3d7b0000 - 0x00007ffa3d853000 	C:\WINDOWS\System32\ADVAPI32.dll
0x00007ffa3ee80000 - 0x00007ffa3ef1e000 	C:\WINDOWS\System32\msvcrt.dll
0x00007ffa3ed10000 - 0x00007ffa3eda7000 	C:\WINDOWS\System32\sechost.dll
0x00007ffa3e730000 - 0x00007ffa3e850000 	C:\WINDOWS\System32\RPCRT4.dll
0x00007ffa3eb70000 - 0x00007ffa3ed05000 	C:\WINDOWS\System32\USER32.dll
0x00007ffa3d2a0000 - 0x00007ffa3d2c1000 	C:\WINDOWS\System32\win32u.dll
0x00007ffa3dab0000 - 0x00007ffa3dad6000 	C:\WINDOWS\System32\GDI32.dll
0x00007ffa3d420000 - 0x00007ffa3d5b6000 	C:\WINDOWS\System32\gdi32full.dll
0x00007ffa3d5c0000 - 0x00007ffa3d65e000 	C:\WINDOWS\System32\msvcp_win.dll
0x00007ffa3d2f0000 - 0x00007ffa3d3ea000 	C:\WINDOWS\System32\ucrtbase.dll
0x00007ffa2e740000 - 0x00007ffa2e9c4000 	C:\WINDOWS\WinSxS\amd64_microsoft.windows.common-controls_6595b64144ccf1df_6.0.18362.1082_none_9e8193e1e45b25c1\COMCTL32.dll
0x00007ffa3e240000 - 0x00007ffa3e575000 	C:\WINDOWS\System32\combase.dll
0x00007ffa3c690000 - 0x00007ffa3c710000 	C:\WINDOWS\System32\bcryptPrimitives.dll
0x00007ffa3ef20000 - 0x00007ffa3ef4e000 	C:\WINDOWS\System32\IMM32.DLL
0x0000000053970000 - 0x0000000053a42000 	C:\Program Files\Android\Android Studio\jre\jre\bin\msvcr100.dll
0x0000000054720000 - 0x0000000054f6b000 	C:\Program Files\Android\Android Studio\jre\jre\bin\server\jvm.dll
0x00007ffa3e850000 - 0x00007ffa3e858000 	C:\WINDOWS\System32\PSAPI.DLL
0x00007ffa22e60000 - 0x00007ffa22e69000 	C:\WINDOWS\SYSTEM32\WSOCK32.dll
0x00007ffa39b00000 - 0x00007ffa39b24000 	C:\WINDOWS\SYSTEM32\WINMM.dll
0x00007ffa36d20000 - 0x00007ffa36d2a000 	C:\WINDOWS\SYSTEM32\VERSION.dll
0x00007ffa3e600000 - 0x00007ffa3e66f000 	C:\WINDOWS\System32\WS2_32.dll
0x00007ffa39ad0000 - 0x00007ffa39afd000 	C:\WINDOWS\SYSTEM32\WINMMBASE.dll
0x00007ffa3c820000 - 0x00007ffa3c86a000 	C:\WINDOWS\System32\cfgmgr32.dll
0x00007ffa34e70000 - 0x00007ffa34e7f000 	C:\Program Files\Android\Android Studio\jre\jre\bin\verify.dll
0x00007ffa1d920000 - 0x00007ffa1d949000 	C:\Program Files\Android\Android Studio\jre\jre\bin\java.dll
0x00007ffa23870000 - 0x00007ffa23886000 	C:\Program Files\Android\Android Studio\jre\jre\bin\zip.dll
0x00007ffa3efd0000 - 0x00007ffa3f6b7000 	C:\WINDOWS\System32\SHELL32.dll
0x00007ffa3e8f0000 - 0x00007ffa3e999000 	C:\WINDOWS\System32\shcore.dll
0x00007ffa3cb20000 - 0x00007ffa3d2a0000 	C:\WINDOWS\System32\windows.storage.dll
0x00007ffa3c660000 - 0x00007ffa3c683000 	C:\WINDOWS\System32\profapi.dll
0x00007ffa3c5f0000 - 0x00007ffa3c63a000 	C:\WINDOWS\System32\powrprof.dll
0x00007ffa3c5c0000 - 0x00007ffa3c5d0000 	C:\WINDOWS\System32\UMPDC.dll
0x00007ffa3d860000 - 0x00007ffa3d8b2000 	C:\WINDOWS\System32\shlwapi.dll
0x00007ffa3c5d0000 - 0x00007ffa3c5e1000 	C:\WINDOWS\System32\kernel.appcore.dll
0x00007ffa3d2d0000 - 0x00007ffa3d2e7000 	C:\WINDOWS\System32\cryptsp.dll
0x00007ffa217e0000 - 0x00007ffa217fa000 	C:\Program Files\Android\Android Studio\jre\jre\bin\net.dll
0x00007ffa3be10000 - 0x00007ffa3be77000 	C:\WINDOWS\system32\mswsock.dll
0x00007ffa1e950000 - 0x00007ffa1e963000 	C:\Program Files\Android\Android Studio\jre\jre\bin\nio.dll
0x00007ffa28440000 - 0x00007ffa28466000 	C:\Users\kharir\.gradle\native\31\windows-amd64\native-platform.dll
0x00007ffa32050000 - 0x00007ffa3205d000 	C:\Program Files\Android\Android Studio\jre\jre\bin\management.dll
0x00007ffa3b980000 - 0x00007ffa3b9b3000 	C:\WINDOWS\system32\rsaenh.dll
0x00007ffa3d3f0000 - 0x00007ffa3d416000 	C:\WINDOWS\System32\bcrypt.dll
0x00007ffa3c4e0000 - 0x00007ffa3c505000 	C:\WINDOWS\SYSTEM32\USERENV.dll
0x00007ffa3bfe0000 - 0x00007ffa3bfec000 	C:\WINDOWS\SYSTEM32\CRYPTBASE.dll
0x00007ffa3bb20000 - 0x00007ffa3bb5a000 	C:\WINDOWS\SYSTEM32\IPHLPAPI.DLL
0x00007ffa3e160000 - 0x00007ffa3e168000 	C:\WINDOWS\System32\NSI.dll
0x00007ffa35360000 - 0x00007ffa35376000 	C:\WINDOWS\SYSTEM32\dhcpcsvc6.DLL
0x00007ffa350f0000 - 0x00007ffa3510c000 	C:\WINDOWS\SYSTEM32\dhcpcsvc.DLL
0x00007ffa3bb60000 - 0x00007ffa3bc2b000 	C:\WINDOWS\SYSTEM32\DNSAPI.dll
0x00007ffa28130000 - 0x00007ffa2814e000 	C:\Users\kharir\AppData\Local\Temp\native-platform5025690362173911180dir\native-platform.dll

VM Arguments:
jvm_args: -Xmx2048m -Dfile.encoding=windows-1252 -Duser.country=ID -Duser.language=en -Duser.variant 
java_command: org.gradle.launcher.daemon.bootstrap.GradleDaemon 6.1.1
java_class_path (initial): C:\Users\kharir\.gradle\wrapper\dists\gradle-6.1.1-all\cfmwm155h49vnt3hynmlrsdst\gradle-6.1.1\lib\gradle-launcher-6.1.1.jar
Launcher Type: SUN_STANDARD

Environment Variables:
PATH=C:\Program Files (x86)\Intel\iCLS Client\;C:\Program Files\Intel\iCLS Client\;C:\Program Files (x86)\Common Files\Oracle\Java\javapath;C:\Windows\system32;C:\Windows;C:\Windows\System32\Wbem;C:\Windows\System32\WindowsPowerShell\v1.0\;C:\Windows\System32\OpenSSH\;C:\Program Files\NVIDIA Corporation\NVIDIA NvDLISR;C:\Program Files\Microsoft VS Code\bin;C:\Program Files (x86)\Intel\Intel(R) Management Engine Components\DAL;C:\Program Files\Intel\Intel(R) Management Engine Components\DAL;C:\Program Files (x86)\Intel\Intel(R) Management Engine Components\IPT;C:\Program Files\Intel\Intel(R) Management Engine Components\IPT;C:\Program Files (x86)\NVIDIA Corporation\PhysX\Common;C:\Program Files\nodejs\;C:\Program Files (x86)\Rational\common;C:\Program Files\kotlinc\bin;C:\Program Files\Git\cmd;C:\Program Files\Git\mingw64\bin;C:\Program Files\Git\usr\bin;C:\Program Files (x86)\Microchip\MPLAB C32 Suite\bin;C:\Program Files (x86)\HI-TECH Software\PICC\9.70\bin;C:\Program Files\Microchip\xc8\v2.20\bin;C:\Program Files (x86)\HI-TECH Software\PICC\9.81\bin;C:\WINDOWS\system32;C:\WINDOWS;C:\WINDOWS\System32\Wbem;C:\WINDOWS\System32\WindowsPowerShell\v1.0\;C:\WINDOWS\System32\OpenSSH\;C:\Program Files\Dart\dart-sdk\bin;C:\Program Files\Java\jdk1.8.0_181\bin;C:\Users\kharir\AppData\Roaming\npm;C:\Program Files\JetBrains\IntelliJ IDEA Community Edition 2019.2.4\bin;C:\Users\kharir\AppData\Local\GitHubDesktop\bin;C:\Users\kharir\AppData\Local\Microsoft\WindowsApps;C:\flutter\bin;C:\Users\kharir\AppData\Local\Android\Sdk;
USERNAME=kharir
OS=Windows_NT
PROCESSOR_IDENTIFIER=Intel64 Family 6 Model 142 Stepping 10, GenuineIntel



---------------  S Y S T E M  ---------------

OS: Windows 10.0 , 64 bit Build 18362 (10.0.18362.1082)

CPU:total 8 (initial active 8) (4 cores per cpu, 2 threads per core) family 6 model 142 stepping 10, cmov, cx8, fxsr, mmx, sse, sse2, sse3, ssse3, sse4.1, sse4.2, popcnt, avx, avx2, aes, clmul, erms, 3dnowpref, lzcnt, ht, tsc, tscinvbit, bmi1, bmi2, adx

Memory: 4k page, physical 12466744k(1612408k free), swap 15538180k(4504k free)

vm_info: OpenJDK 64-Bit Server VM (25.242-b01) for windows-amd64 JRE (1.8.0_242-release-1644-b01), built by "builder" with MS VC++ 10.0 (VS2010)

time: Mon Oct 05 20:42:25 2020
timezone: SE Asia Standard Time
elapsed time: 3379 seconds (0d 0h 56m 19s)

